1737034948.513068 client started (60642): version 3.5a, socket /private/tmp/tmux-502/default, protocol 8
1737034948.513438 on Darwin 24.2.0 Darwin Kernel Version 24.2.0: Fri Dec  6 19:01:59 PST 2024; root:xnu-11215.61.5~2/RELEASE_ARM64_T6000
1737034948.513456 using libevent 2.1.12-stable select
1737034948.513473 using utf8proc 2.9.0
1737034948.513481 using ncurses 6.5 20240427
1737034948.513505 flags are 0x18010000
1737034948.513514 socket is /private/tmp/tmux-502/default
1737034948.513530 trying connect
1737034948.513596 add peer 0x118008000: 6 (0x0)
1737034948.515755 sending message 111 to peer 0x118008000 (8 bytes)
1737034948.515773 sending message 111 to peer 0x118008000 (8 bytes)
1737034948.515781 sending message 101 to peer 0x118008000 (15 bytes)
1737034948.515788 sending message 109 to peer 0x118008000 (4 bytes)
1737034948.515794 sending message 102 to peer 0x118008000 (13 bytes)
1737034948.515800 sending message 108 to peer 0x118008000 (23 bytes)
1737034948.515805 sending message 112 to peer 0x118008000 (58 bytes)
1737034948.515811 sending message 112 to peer 0x118008000 (5 bytes)
1737034948.515817 sending message 112 to peer 0x118008000 (5 bytes)
1737034948.515822 sending message 112 to peer 0x118008000 (6 bytes)
1737034948.515828 sending message 112 to peer 0x118008000 (6 bytes)
1737034948.515833 sending message 112 to peer 0x118008000 (11 bytes)
1737034948.515839 sending message 112 to peer 0x118008000 (10 bytes)
1737034948.515844 sending message 112 to peer 0x118008000 (13 bytes)
1737034948.515849 sending message 112 to peer 0x118008000 (14 bytes)
1737034948.515855 sending message 112 to peer 0x118008000 (19 bytes)
1737034948.515861 sending message 112 to peer 0x118008000 (11 bytes)
1737034948.515867 sending message 112 to peer 0x118008000 (10 bytes)
1737034948.515873 sending message 112 to peer 0x118008000 (15 bytes)
1737034948.515878 sending message 112 to peer 0x118008000 (21 bytes)
1737034948.515884 sending message 112 to peer 0x118008000 (13 bytes)
1737034948.515889 sending message 112 to peer 0x118008000 (7 bytes)
1737034948.515894 sending message 112 to peer 0x118008000 (13 bytes)
1737034948.515900 sending message 112 to peer 0x118008000 (7 bytes)
1737034948.515905 sending message 112 to peer 0x118008000 (13 bytes)
1737034948.515911 sending message 112 to peer 0x118008000 (9 bytes)
1737034948.515916 sending message 112 to peer 0x118008000 (21 bytes)
1737034948.515922 sending message 112 to peer 0x118008000 (13 bytes)
1737034948.515927 sending message 112 to peer 0x118008000 (9 bytes)
1737034948.515933 sending message 112 to peer 0x118008000 (16 bytes)
1737034948.515938 sending message 112 to peer 0x118008000 (13 bytes)
1737034948.515945 sending message 112 to peer 0x118008000 (9 bytes)
1737034948.515950 sending message 112 to peer 0x118008000 (9 bytes)
1737034948.515956 sending message 112 to peer 0x118008000 (12 bytes)
1737034948.515961 sending message 112 to peer 0x118008000 (8 bytes)
1737034948.515967 sending message 112 to peer 0x118008000 (8 bytes)
1737034948.515972 sending message 112 to peer 0x118008000 (13 bytes)
1737034948.515977 sending message 112 to peer 0x118008000 (7 bytes)
1737034948.515982 sending message 112 to peer 0x118008000 (7 bytes)
1737034948.515987 sending message 112 to peer 0x118008000 (9 bytes)
1737034948.515992 sending message 112 to peer 0x118008000 (9 bytes)
1737034948.515997 sending message 112 to peer 0x118008000 (15 bytes)
1737034948.516003 sending message 112 to peer 0x118008000 (13 bytes)
1737034948.516008 sending message 112 to peer 0x118008000 (12 bytes)
1737034948.516013 sending message 112 to peer 0x118008000 (8 bytes)
1737034948.516018 sending message 112 to peer 0x118008000 (14 bytes)
1737034948.516023 sending message 112 to peer 0x118008000 (11 bytes)
1737034948.516028 sending message 112 to peer 0x118008000 (9 bytes)
1737034948.516033 sending message 112 to peer 0x118008000 (10 bytes)
1737034948.516038 sending message 112 to peer 0x118008000 (10 bytes)
1737034948.516043 sending message 112 to peer 0x118008000 (10 bytes)
1737034948.516048 sending message 112 to peer 0x118008000 (10 bytes)
1737034948.516064 sending message 112 to peer 0x118008000 (11 bytes)
1737034948.516070 sending message 112 to peer 0x118008000 (12 bytes)
1737034948.516074 sending message 112 to peer 0x118008000 (12 bytes)
1737034948.516078 sending message 112 to peer 0x118008000 (12 bytes)
1737034948.516081 sending message 112 to peer 0x118008000 (12 bytes)
1737034948.516086 sending message 112 to peer 0x118008000 (12 bytes)
1737034948.516090 sending message 112 to peer 0x118008000 (11 bytes)
1737034948.516094 sending message 112 to peer 0x118008000 (11 bytes)
1737034948.516099 sending message 112 to peer 0x118008000 (12 bytes)
1737034948.516103 sending message 112 to peer 0x118008000 (12 bytes)
1737034948.516107 sending message 112 to peer 0x118008000 (12 bytes)
1737034948.516110 sending message 112 to peer 0x118008000 (12 bytes)
1737034948.516114 sending message 112 to peer 0x118008000 (12 bytes)
1737034948.516118 sending message 112 to peer 0x118008000 (9 bytes)
1737034948.516121 sending message 112 to peer 0x118008000 (12 bytes)
1737034948.516125 sending message 112 to peer 0x118008000 (13 bytes)
1737034948.516129 sending message 112 to peer 0x118008000 (13 bytes)
1737034948.516132 sending message 112 to peer 0x118008000 (13 bytes)
1737034948.516136 sending message 112 to peer 0x118008000 (13 bytes)
1737034948.516140 sending message 112 to peer 0x118008000 (13 bytes)
1737034948.516143 sending message 112 to peer 0x118008000 (8 bytes)
1737034948.516147 sending message 112 to peer 0x118008000 (11 bytes)
1737034948.516150 sending message 112 to peer 0x118008000 (11 bytes)
1737034948.516154 sending message 112 to peer 0x118008000 (11 bytes)
1737034948.516158 sending message 112 to peer 0x118008000 (12 bytes)
1737034948.516161 sending message 112 to peer 0x118008000 (12 bytes)
1737034948.516165 sending message 112 to peer 0x118008000 (12 bytes)
1737034948.516169 sending message 112 to peer 0x118008000 (12 bytes)
1737034948.516172 sending message 112 to peer 0x118008000 (13 bytes)
1737034948.516176 sending message 112 to peer 0x118008000 (13 bytes)
1737034948.516180 sending message 112 to peer 0x118008000 (13 bytes)
1737034948.516183 sending message 112 to peer 0x118008000 (8 bytes)
1737034948.516187 sending message 112 to peer 0x118008000 (13 bytes)
1737034948.516191 sending message 112 to peer 0x118008000 (13 bytes)
1737034948.516194 sending message 112 to peer 0x118008000 (13 bytes)
1737034948.516198 sending message 112 to peer 0x118008000 (13 bytes)
1737034948.516202 sending message 112 to peer 0x118008000 (13 bytes)
1737034948.516205 sending message 112 to peer 0x118008000 (12 bytes)
1737034948.516209 sending message 112 to peer 0x118008000 (12 bytes)
1737034948.516213 sending message 112 to peer 0x118008000 (12 bytes)
1737034948.516216 sending message 112 to peer 0x118008000 (12 bytes)
1737034948.516220 sending message 112 to peer 0x118008000 (13 bytes)
1737034948.516223 sending message 112 to peer 0x118008000 (8 bytes)
1737034948.516227 sending message 112 to peer 0x118008000 (13 bytes)
1737034948.516231 sending message 112 to peer 0x118008000 (13 bytes)
1737034948.516234 sending message 112 to peer 0x118008000 (13 bytes)
1737034948.516238 sending message 112 to peer 0x118008000 (13 bytes)
1737034948.516242 sending message 112 to peer 0x118008000 (13 bytes)
1737034948.516246 sending message 112 to peer 0x118008000 (13 bytes)
1737034948.516250 sending message 112 to peer 0x118008000 (13 bytes)
1737034948.516253 sending message 112 to peer 0x118008000 (12 bytes)
1737034948.516257 sending message 112 to peer 0x118008000 (12 bytes)
1737034948.516261 sending message 112 to peer 0x118008000 (12 bytes)
1737034948.516265 sending message 112 to peer 0x118008000 (8 bytes)
1737034948.516268 sending message 112 to peer 0x118008000 (12 bytes)
1737034948.516272 sending message 112 to peer 0x118008000 (13 bytes)
1737034948.516276 sending message 112 to peer 0x118008000 (13 bytes)
1737034948.516280 sending message 112 to peer 0x118008000 (13 bytes)
1737034948.516283 sending message 112 to peer 0x118008000 (13 bytes)
1737034948.516287 sending message 112 to peer 0x118008000 (13 bytes)
1737034948.516298 sending message 112 to peer 0x118008000 (13 bytes)
1737034948.516302 sending message 112 to peer 0x118008000 (13 bytes)
1737034948.516305 sending message 112 to peer 0x118008000 (13 bytes)
1737034948.516309 sending message 112 to peer 0x118008000 (12 bytes)
1737034948.516313 sending message 112 to peer 0x118008000 (10 bytes)
1737034948.516317 sending message 112 to peer 0x118008000 (12 bytes)
1737034948.516321 sending message 112 to peer 0x118008000 (12 bytes)
1737034948.516325 sending message 112 to peer 0x118008000 (12 bytes)
1737034948.516328 sending message 112 to peer 0x118008000 (13 bytes)
1737034948.516332 sending message 112 to peer 0x118008000 (13 bytes)
1737034948.516336 sending message 112 to peer 0x118008000 (13 bytes)
1737034948.516339 sending message 112 to peer 0x118008000 (13 bytes)
1737034948.516343 sending message 112 to peer 0x118008000 (13 bytes)
1737034948.516347 sending message 112 to peer 0x118008000 (13 bytes)
1737034948.516350 sending message 112 to peer 0x118008000 (13 bytes)
1737034948.516354 sending message 112 to peer 0x118008000 (10 bytes)
1737034948.516358 sending message 112 to peer 0x118008000 (13 bytes)
1737034948.516361 sending message 112 to peer 0x118008000 (12 bytes)
1737034948.516365 sending message 112 to peer 0x118008000 (12 bytes)
1737034948.516369 sending message 112 to peer 0x118008000 (12 bytes)
1737034948.516372 sending message 112 to peer 0x118008000 (10 bytes)
1737034948.516376 sending message 112 to peer 0x118008000 (10 bytes)
1737034948.516380 sending message 112 to peer 0x118008000 (10 bytes)
1737034948.516383 sending message 112 to peer 0x118008000 (12 bytes)
1737034948.516387 sending message 112 to peer 0x118008000 (13 bytes)
1737034948.516391 sending message 112 to peer 0x118008000 (13 bytes)
1737034948.516394 sending message 112 to peer 0x118008000 (13 bytes)
1737034948.516398 sending message 112 to peer 0x118008000 (13 bytes)
1737034948.516402 sending message 112 to peer 0x118008000 (13 bytes)
1737034948.516405 sending message 112 to peer 0x118008000 (10 bytes)
1737034948.516409 sending message 112 to peer 0x118008000 (11 bytes)
1737034948.516413 sending message 112 to peer 0x118008000 (12 bytes)
1737034948.516416 sending message 112 to peer 0x118008000 (12 bytes)
1737034948.516420 sending message 112 to peer 0x118008000 (12 bytes)
1737034948.516424 sending message 112 to peer 0x118008000 (12 bytes)
1737034948.516427 sending message 112 to peer 0x118008000 (12 bytes)
1737034948.516431 sending message 112 to peer 0x118008000 (11 bytes)
1737034948.516435 sending message 112 to peer 0x118008000 (12 bytes)
1737034948.516438 sending message 112 to peer 0x118008000 (12 bytes)
1737034948.516442 sending message 112 to peer 0x118008000 (13 bytes)
1737034948.516445 sending message 112 to peer 0x118008000 (13 bytes)
1737034948.516449 sending message 112 to peer 0x118008000 (13 bytes)
1737034948.516453 sending message 112 to peer 0x118008000 (13 bytes)
1737034948.516456 sending message 112 to peer 0x118008000 (13 bytes)
1737034948.516460 sending message 112 to peer 0x118008000 (10 bytes)
1737034948.516464 sending message 112 to peer 0x118008000 (9 bytes)
1737034948.516467 sending message 112 to peer 0x118008000 (12 bytes)
1737034948.516471 sending message 112 to peer 0x118008000 (13 bytes)
1737034948.516475 sending message 112 to peer 0x118008000 (13 bytes)
1737034948.516478 sending message 112 to peer 0x118008000 (13 bytes)
1737034948.516482 sending message 112 to peer 0x118008000 (13 bytes)
1737034948.516486 sending message 112 to peer 0x118008000 (13 bytes)
1737034948.516489 sending message 112 to peer 0x118008000 (9 bytes)
1737034948.516493 sending message 112 to peer 0x118008000 (12 bytes)
1737034948.516497 sending message 112 to peer 0x118008000 (13 bytes)
1737034948.516500 sending message 112 to peer 0x118008000 (13 bytes)
1737034948.516504 sending message 112 to peer 0x118008000 (13 bytes)
1737034948.516508 sending message 112 to peer 0x118008000 (13 bytes)
1737034948.516511 sending message 112 to peer 0x118008000 (13 bytes)
1737034948.516520 sending message 112 to peer 0x118008000 (11 bytes)
1737034948.516524 sending message 112 to peer 0x118008000 (12 bytes)
1737034948.516528 sending message 112 to peer 0x118008000 (13 bytes)
1737034948.516531 sending message 112 to peer 0x118008000 (13 bytes)
1737034948.516535 sending message 112 to peer 0x118008000 (13 bytes)
1737034948.516539 sending message 112 to peer 0x118008000 (13 bytes)
1737034948.516543 sending message 112 to peer 0x118008000 (13 bytes)
1737034948.516546 sending message 112 to peer 0x118008000 (11 bytes)
1737034948.516550 sending message 112 to peer 0x118008000 (12 bytes)
1737034948.516554 sending message 112 to peer 0x118008000 (12 bytes)
1737034948.516557 sending message 112 to peer 0x118008000 (12 bytes)
1737034948.516561 sending message 112 to peer 0x118008000 (12 bytes)
1737034948.516565 sending message 112 to peer 0x118008000 (12 bytes)
1737034948.516568 sending message 112 to peer 0x118008000 (21 bytes)
1737034948.516572 sending message 112 to peer 0x118008000 (12 bytes)
1737034948.516576 sending message 112 to peer 0x118008000 (9 bytes)
1737034948.516579 sending message 112 to peer 0x118008000 (6 bytes)
1737034948.516583 sending message 112 to peer 0x118008000 (13 bytes)
1737034948.516587 sending message 112 to peer 0x118008000 (10 bytes)
1737034948.516590 sending message 112 to peer 0x118008000 (15 bytes)
1737034948.516594 sending message 112 to peer 0x118008000 (13 bytes)
1737034948.516598 sending message 112 to peer 0x118008000 (9 bytes)
1737034948.516601 sending message 112 to peer 0x118008000 (70 bytes)
1737034948.516605 sending message 112 to peer 0x118008000 (69 bytes)
1737034948.516609 sending message 112 to peer 0x118008000 (73 bytes)
1737034948.516612 sending message 112 to peer 0x118008000 (12 bytes)
1737034948.516616 sending message 112 to peer 0x118008000 (10 bytes)
1737034948.516620 sending message 112 to peer 0x118008000 (10 bytes)
1737034948.516623 sending message 112 to peer 0x118008000 (15 bytes)
1737034948.516627 sending message 112 to peer 0x118008000 (13 bytes)
1737034948.516631 sending message 112 to peer 0x118008000 (10 bytes)
1737034948.516634 sending message 112 to peer 0x118008000 (10 bytes)
1737034948.516638 sending message 112 to peer 0x118008000 (17 bytes)
1737034948.516642 sending message 112 to peer 0x118008000 (13 bytes)
1737034948.516645 sending message 112 to peer 0x118008000 (15 bytes)
1737034948.516649 sending message 112 to peer 0x118008000 (5 bytes)
1737034948.516654 sending message 104 to peer 0x118008000 (0 bytes)
1737034948.516659 sending message 110 to peer 0x118008000 (0 bytes)
1737034948.516662 sending message 107 to peer 0x118008000 (4 bytes)
1737034948.516666 sending message 105 to peer 0x118008000 (60 bytes)
1737034948.516670 sending message 105 to peer 0x118008000 (66 bytes)
1737034948.516674 sending message 105 to peer 0x118008000 (27 bytes)
1737034948.516677 sending message 105 to peer 0x118008000 (15 bytes)
1737034948.516681 sending message 105 to peer 0x118008000 (22 bytes)
1737034948.516685 sending message 105 to peer 0x118008000 (14 bytes)
1737034948.516689 sending message 105 to peer 0x118008000 (17 bytes)
1737034948.516692 sending message 105 to peer 0x118008000 (27 bytes)
1737034948.516696 sending message 105 to peer 0x118008000 (15 bytes)
1737034948.516700 sending message 105 to peer 0x118008000 (43 bytes)
1737034948.516703 sending message 105 to peer 0x118008000 (42 bytes)
1737034948.516707 sending message 105 to peer 0x118008000 (28 bytes)
1737034948.516711 sending message 105 to peer 0x118008000 (23 bytes)
1737034948.516714 sending message 105 to peer 0x118008000 (434 bytes)
1737034948.516719 sending message 105 to peer 0x118008000 (19 bytes)
1737034948.516722 sending message 105 to peer 0x118008000 (20 bytes)
1737034948.516726 sending message 105 to peer 0x118008000 (22 bytes)
1737034948.516730 sending message 105 to peer 0x118008000 (20 bytes)
1737034948.516734 sending message 105 to peer 0x118008000 (86 bytes)
1737034948.516737 sending message 105 to peer 0x118008000 (15 bytes)
1737034948.516748 sending message 105 to peer 0x118008000 (57 bytes)
1737034948.516752 sending message 105 to peer 0x118008000 (8 bytes)
1737034948.516756 sending message 105 to peer 0x118008000 (19 bytes)
1737034948.516760 sending message 105 to peer 0x118008000 (11 bytes)
1737034948.516763 sending message 105 to peer 0x118008000 (61 bytes)
1737034948.516767 sending message 105 to peer 0x118008000 (32 bytes)
1737034948.516771 sending message 105 to peer 0x118008000 (8 bytes)
1737034948.516775 sending message 105 to peer 0x118008000 (21 bytes)
1737034948.516779 sending message 105 to peer 0x118008000 (30 bytes)
1737034948.516783 sending message 105 to peer 0x118008000 (37 bytes)
1737034948.516787 sending message 105 to peer 0x118008000 (34 bytes)
1737034948.516790 sending message 105 to peer 0x118008000 (35 bytes)
1737034948.516794 sending message 105 to peer 0x118008000 (25 bytes)
1737034948.516798 sending message 105 to peer 0x118008000 (44 bytes)
1737034948.516805 sending message 105 to peer 0x118008000 (11 bytes)
1737034948.516809 sending message 105 to peer 0x118008000 (8 bytes)
1737034948.516812 sending message 105 to peer 0x118008000 (32 bytes)
1737034948.516816 sending message 105 to peer 0x118008000 (96 bytes)
1737034948.516820 sending message 105 to peer 0x118008000 (21 bytes)
1737034948.516824 sending message 105 to peer 0x118008000 (59 bytes)
1737034948.516827 sending message 105 to peer 0x118008000 (19 bytes)
1737034948.516831 sending message 105 to peer 0x118008000 (38 bytes)
1737034948.516835 sending message 105 to peer 0x118008000 (25 bytes)
1737034948.516838 sending message 106 to peer 0x118008000 (0 bytes)
1737034948.516916 sending message 200 to peer 0x118008000 (4 bytes)
1737034948.516924 client loop enter
1737034948.519798 peer 0x118008000 message 207
1737034948.519810 sending message 208 to peer 0x118008000 (0 bytes)
1737034951.594198 peer 0x118008000 message 201
1737034951.594240 sending message 205 to peer 0x118008000 (0 bytes)
1737034951.594958 peer 0x118008000 message 204
1737034951.594973 client loop exit
